{"level":"info","time":"2026-06-24T05:14:21Z","message":"Thank you for trying Cloudflare Tunnel. Doing so, without a Cloudflare account, is a quick way to experiment and try it out. However, be aware that these account-less Tunnels have no uptime guarantee, are subject to the Cloudflare Online Services Terms of Use (https://www.cloudflare.com/website-terms/), and Cloudflare reserves the right to investigate your use of Tunnels for violations of such terms. If you intend to use Tunnels in production you should use a pre-created named tunnel by following: https://developers.cloudflare.com/cloudflare-one/connections/connect-apps"}
{"level":"info","time":"2026-06-24T05:14:21Z","message":"Requesting new quick Tunnel on trycloudflare.com..."}
{"level":"info","time":"2026-06-24T05:14:27Z","message":"+--------------------------------------------------------------------------------------------+"}
{"level":"info","time":"2026-06-24T05:14:27Z","message":"|  Your quick Tunnel has been created! Visit it at (it may take some time to be reachable):  |"}
{"level":"info","time":"2026-06-24T05:14:27Z","message":"|  https://burton-extending-beverages-survivors.trycloudflare.com                            |"}
{"level":"info","time":"2026-06-24T05:14:27Z","message":"+--------------------------------------------------------------------------------------------+"}
{"level":"info","time":"2026-06-24T05:14:27Z","message":"Cannot determine default configuration path. No file [config.yml config.yaml] in [~/.cloudflared ~/.cloudflare-warp ~/cloudflare-warp]"}
{"level":"info","time":"2026-06-24T05:14:27Z","message":"Version 2026.5.2 (Checksum 20b9638f685333d623798e733effbad2487093f15ba592f6c7752360ff3b7ab7)"}
{"level":"info","time":"2026-06-24T05:14:27Z","message":"GOOS: windows, GOVersion: go1.26.3, GoArch: amd64"}
{"level":"info","time":"2026-06-24T05:14:27Z","message":"Settings: map[ha-connections:1 hostname:cctv.alstha.com logfile:cloudflared-custom.log protocol:quic url:http://127.0.0.1:8000]"}
{"level":"info","time":"2026-06-24T05:14:27Z","message":"cloudflared will not automatically update on Windows systems."}
{"level":"info","time":"2026-06-24T05:14:27Z","message":"Generated Connector ID: b250f885-4b19-46c6-9028-9256911605c9"}
{"level":"info","time":"2026-06-24T05:14:27Z","message":"Initial protocol quic"}
{"level":"info","time":"2026-06-24T05:14:27Z","message":"ICMP proxy will use 192.168.1.4 as source for IPv4"}
{"level":"info","time":"2026-06-24T05:14:27Z","message":"ICMP proxy will use ::1 in zone Loopback Pseudo-Interface 1 as source for IPv6"}
{"level":"info","time":"2026-06-24T05:14:27Z","message":"cloudflared does not support loading the system root certificate pool on Windows. Please use --origin-ca-pool <PATH> to specify the path to the certificate pool"}
{"level":"info","time":"2026-06-24T05:14:27Z","message":"ICMP proxy will use 192.168.1.4 as source for IPv4"}
{"level":"info","event":0,"ip":"198.41.200.193","connIndex":0,"time":"2026-06-24T05:14:27Z","message":"Tunnel connection curve preferences: [X25519MLKEM768 CurveID(65074) CurveP256]"}
{"level":"info","time":"2026-06-24T05:14:27Z","message":"ICMP proxy will use ::1 in zone Loopback Pseudo-Interface 1 as source for IPv6"}
{"level":"info","time":"2026-06-24T05:14:27Z","message":"Starting metrics server on 127.0.0.1:20243/metrics"}
{"level":"info","time":"2026-06-24T05:14:27Z","message":"+-------------------------------------------------------------------------------------+"}
{"level":"info","time":"2026-06-24T05:14:27Z","message":"|                               CONNECTIVITY PRE-CHECKS                               |"}
{"level":"info","time":"2026-06-24T05:14:27Z","message":"+-------------------------------------------------------------------------------------+"}
{"level":"info","time":"2026-06-24T05:14:27Z","message":"|  COMPONENT         TARGET                     STATUS  DETAILS                       |"}
{"level":"info","time":"2026-06-24T05:14:27Z","message":"|  DNS Resolution    region1.v2.argotunnel.com  PASS    DNS Resolved successfully     |"}
{"level":"info","time":"2026-06-24T05:14:27Z","message":"|  DNS Resolution    region2.v2.argotunnel.com  PASS    DNS Resolved successfully     |"}
{"level":"info","time":"2026-06-24T05:14:27Z","message":"|  UDP Connectivity  region1.v2.argotunnel.com  PASS    QUIC connection successful    |"}
{"level":"info","time":"2026-06-24T05:14:27Z","message":"|  UDP Connectivity  region2.v2.argotunnel.com  PASS    QUIC connection successful    |"}
{"level":"info","time":"2026-06-24T05:14:27Z","message":"|  TCP Connectivity  region1.v2.argotunnel.com  PASS    HTTP/2 connection successful  |"}
{"level":"info","time":"2026-06-24T05:14:27Z","message":"|  TCP Connectivity  region2.v2.argotunnel.com  PASS    HTTP/2 connection successful  |"}
{"level":"info","time":"2026-06-24T05:14:27Z","message":"|  Cloudflare API    api.cloudflare.com:443     PASS    API is reachable              |"}
{"level":"info","time":"2026-06-24T05:14:27Z","message":"|                                                                                     |"}
{"level":"info","time":"2026-06-24T05:14:27Z","message":"|  SUMMARY: Environment is healthy. cloudflared will use 'quic' as primary protocol.  |"}
{"level":"info","time":"2026-06-24T05:14:27Z","message":"+-------------------------------------------------------------------------------------+"}
{"level":"info","run_id":"bc9e56d7-a1b4-4e91-b5b5-57b023e4f116","component":"DNS Resolution","target":"region1.v2.argotunnel.com","status":"pass","details":"DNS Resolved successfully","time":"2026-06-24T05:14:27Z","message":"precheck"}
{"level":"info","run_id":"bc9e56d7-a1b4-4e91-b5b5-57b023e4f116","component":"DNS Resolution","target":"region2.v2.argotunnel.com","status":"pass","details":"DNS Resolved successfully","time":"2026-06-24T05:14:27Z","message":"precheck"}
{"level":"info","run_id":"bc9e56d7-a1b4-4e91-b5b5-57b023e4f116","component":"UDP Connectivity","target":"region1.v2.argotunnel.com","status":"pass","details":"QUIC connection successful","time":"2026-06-24T05:14:27Z","message":"precheck"}
{"level":"info","run_id":"bc9e56d7-a1b4-4e91-b5b5-57b023e4f116","component":"UDP Connectivity","target":"region2.v2.argotunnel.com","status":"pass","details":"QUIC connection successful","time":"2026-06-24T05:14:27Z","message":"precheck"}
{"level":"info","run_id":"bc9e56d7-a1b4-4e91-b5b5-57b023e4f116","component":"TCP Connectivity","target":"region1.v2.argotunnel.com","status":"pass","details":"HTTP/2 connection successful","time":"2026-06-24T05:14:27Z","message":"precheck"}
{"level":"info","run_id":"bc9e56d7-a1b4-4e91-b5b5-57b023e4f116","component":"TCP Connectivity","target":"region2.v2.argotunnel.com","status":"pass","details":"HTTP/2 connection successful","time":"2026-06-24T05:14:27Z","message":"precheck"}
{"level":"info","run_id":"bc9e56d7-a1b4-4e91-b5b5-57b023e4f116","component":"Cloudflare API","target":"api.cloudflare.com:443","status":"pass","details":"API is reachable","time":"2026-06-24T05:14:27Z","message":"precheck"}
{"level":"info","run_id":"bc9e56d7-a1b4-4e91-b5b5-57b023e4f116","hard_fail":false,"suggested_protocol":"quic","time":"2026-06-24T05:14:27Z","message":"precheck complete"}
{"level":"info","event":0,"connection":"4f39e761-916b-428b-9225-f28e1c21368b","connIndex":0,"location":"sin02","ip":"198.41.200.193","protocol":"quic","time":"2026-06-24T05:14:27Z","message":"Registered tunnel connection"}
{"level":"info","time":"2026-06-24T05:21:15Z","message":"Initiating graceful shutdown due to signal terminated ..."}
{"level":"error","event":0,"ip":"198.41.200.193","connIndex":0,"error":"Application error 0x0 (remote)","time":"2026-06-24T05:21:15Z","message":"failed to run the datagram handler"}
{"level":"error","event":0,"ip":"198.41.200.193","connIndex":0,"error":"accept stream listener encountered a failure while serving","time":"2026-06-24T05:21:15Z","message":"failed to serve tunnel connection"}
{"level":"error","event":0,"ip":"198.41.200.193","connIndex":0,"error":"accept stream listener encountered a failure while serving","time":"2026-06-24T05:21:15Z","message":"Serve tunnel error"}
{"level":"info","event":0,"ip":"198.41.200.193","connIndex":0,"time":"2026-06-24T05:21:15Z","message":"Retrying connection in up to 1s"}
{"level":"error","connIndex":0,"time":"2026-06-24T05:21:15Z","message":"Connection terminated"}
{"level":"error","time":"2026-06-24T05:21:15Z","message":"no more connections active and exiting"}
{"level":"info","time":"2026-06-24T05:21:15Z","message":"Tunnel server stopped"}
{"level":"info","time":"2026-06-24T05:21:15Z","message":"Metrics server stopped"}
