{"level":"info","time":"2026-06-24T05:07:15Z","message":"Thank you for trying Cloudflare Tunnel. Doing so, without a Cloudflare account, is a quick way to experiment and try it out. However, be aware that these account-less Tunnels have no uptime guarantee, are subject to the Cloudflare Online Services Terms of Use (https://www.cloudflare.com/website-terms/), and Cloudflare reserves the right to investigate your use of Tunnels for violations of such terms. If you intend to use Tunnels in production you should use a pre-created named tunnel by following: https://developers.cloudflare.com/cloudflare-one/connections/connect-apps"}
{"level":"info","time":"2026-06-24T05:07:15Z","message":"Requesting new quick Tunnel on trycloudflare.com..."}
{"level":"info","time":"2026-06-24T05:07:22Z","message":"+--------------------------------------------------------------------------------------------+"}
{"level":"info","time":"2026-06-24T05:07:22Z","message":"|  Your quick Tunnel has been created! Visit it at (it may take some time to be reachable):  |"}
{"level":"info","time":"2026-06-24T05:07:22Z","message":"|  https://mil-shake-nyc-viewed.trycloudflare.com                                            |"}
{"level":"info","time":"2026-06-24T05:07:22Z","message":"+--------------------------------------------------------------------------------------------+"}
{"level":"info","time":"2026-06-24T05:07:22Z","message":"Cannot determine default configuration path. No file [config.yml config.yaml] in [~/.cloudflared ~/.cloudflare-warp ~/cloudflare-warp]"}
{"level":"info","time":"2026-06-24T05:07:22Z","message":"Version 2026.5.2 (Checksum 20b9638f685333d623798e733effbad2487093f15ba592f6c7752360ff3b7ab7)"}
{"level":"info","time":"2026-06-24T05:07:22Z","message":"GOOS: windows, GOVersion: go1.26.3, GoArch: amd64"}
{"level":"info","time":"2026-06-24T05:07:22Z","message":"Settings: map[ha-connections:1 logfile:C:\\Users\\alsth\\Downloads\\family_cctv_project\\cloudflared-quick.log protocol:quic url:http://127.0.0.1:8000]"}
{"level":"info","time":"2026-06-24T05:07:22Z","message":"cloudflared will not automatically update on Windows systems."}
{"level":"info","time":"2026-06-24T05:07:22Z","message":"Generated Connector ID: 28bd5819-4edb-4343-8451-c934a6b23039"}
{"level":"info","time":"2026-06-24T05:07:22Z","message":"Initial protocol quic"}
{"level":"info","time":"2026-06-24T05:07:22Z","message":"ICMP proxy will use 192.168.1.4 as source for IPv4"}
{"level":"info","time":"2026-06-24T05:07:22Z","message":"ICMP proxy will use ::1 in zone Loopback Pseudo-Interface 1 as source for IPv6"}
{"level":"info","time":"2026-06-24T05:07:22Z","message":"cloudflared does not support loading the system root certificate pool on Windows. Please use --origin-ca-pool <PATH> to specify the path to the certificate pool"}
{"level":"info","time":"2026-06-24T05:07:22Z","message":"ICMP proxy will use 192.168.1.4 as source for IPv4"}
{"level":"info","event":0,"ip":"198.41.200.13","connIndex":0,"time":"2026-06-24T05:07:22Z","message":"Tunnel connection curve preferences: [X25519MLKEM768 CurveID(65074) CurveP256]"}
{"level":"info","time":"2026-06-24T05:07:22Z","message":"ICMP proxy will use ::1 in zone Loopback Pseudo-Interface 1 as source for IPv6"}
{"level":"info","time":"2026-06-24T05:07:22Z","message":"Starting metrics server on 127.0.0.1:20242/metrics"}
{"level":"info","time":"2026-06-24T05:07:22Z","message":"+-------------------------------------------------------------------------------------+"}
{"level":"info","time":"2026-06-24T05:07:22Z","message":"|                               CONNECTIVITY PRE-CHECKS                               |"}
{"level":"info","time":"2026-06-24T05:07:22Z","message":"+-------------------------------------------------------------------------------------+"}
{"level":"info","time":"2026-06-24T05:07:22Z","message":"|  COMPONENT         TARGET                     STATUS  DETAILS                       |"}
{"level":"info","time":"2026-06-24T05:07:22Z","message":"|  DNS Resolution    region1.v2.argotunnel.com  PASS    DNS Resolved successfully     |"}
{"level":"info","time":"2026-06-24T05:07:22Z","message":"|  DNS Resolution    region2.v2.argotunnel.com  PASS    DNS Resolved successfully     |"}
{"level":"info","time":"2026-06-24T05:07:22Z","message":"|  UDP Connectivity  region1.v2.argotunnel.com  PASS    QUIC connection successful    |"}
{"level":"info","time":"2026-06-24T05:07:22Z","message":"|  UDP Connectivity  region2.v2.argotunnel.com  PASS    QUIC connection successful    |"}
{"level":"info","time":"2026-06-24T05:07:22Z","message":"|  TCP Connectivity  region1.v2.argotunnel.com  PASS    HTTP/2 connection successful  |"}
{"level":"info","time":"2026-06-24T05:07:22Z","message":"|  TCP Connectivity  region2.v2.argotunnel.com  PASS    HTTP/2 connection successful  |"}
{"level":"info","time":"2026-06-24T05:07:22Z","message":"|  Cloudflare API    api.cloudflare.com:443     PASS    API is reachable              |"}
{"level":"info","time":"2026-06-24T05:07:22Z","message":"|                                                                                     |"}
{"level":"info","time":"2026-06-24T05:07:22Z","message":"|  SUMMARY: Environment is healthy. cloudflared will use 'quic' as primary protocol.  |"}
{"level":"info","time":"2026-06-24T05:07:22Z","message":"+-------------------------------------------------------------------------------------+"}
{"level":"info","run_id":"7100ca79-521d-4883-b0af-15fa0f0d95c7","component":"DNS Resolution","target":"region1.v2.argotunnel.com","status":"pass","details":"DNS Resolved successfully","time":"2026-06-24T05:07:22Z","message":"precheck"}
{"level":"info","run_id":"7100ca79-521d-4883-b0af-15fa0f0d95c7","component":"DNS Resolution","target":"region2.v2.argotunnel.com","status":"pass","details":"DNS Resolved successfully","time":"2026-06-24T05:07:22Z","message":"precheck"}
{"level":"info","run_id":"7100ca79-521d-4883-b0af-15fa0f0d95c7","component":"UDP Connectivity","target":"region1.v2.argotunnel.com","status":"pass","details":"QUIC connection successful","time":"2026-06-24T05:07:22Z","message":"precheck"}
{"level":"info","run_id":"7100ca79-521d-4883-b0af-15fa0f0d95c7","component":"UDP Connectivity","target":"region2.v2.argotunnel.com","status":"pass","details":"QUIC connection successful","time":"2026-06-24T05:07:22Z","message":"precheck"}
{"level":"info","run_id":"7100ca79-521d-4883-b0af-15fa0f0d95c7","component":"TCP Connectivity","target":"region1.v2.argotunnel.com","status":"pass","details":"HTTP/2 connection successful","time":"2026-06-24T05:07:22Z","message":"precheck"}
{"level":"info","run_id":"7100ca79-521d-4883-b0af-15fa0f0d95c7","component":"TCP Connectivity","target":"region2.v2.argotunnel.com","status":"pass","details":"HTTP/2 connection successful","time":"2026-06-24T05:07:22Z","message":"precheck"}
{"level":"info","run_id":"7100ca79-521d-4883-b0af-15fa0f0d95c7","component":"Cloudflare API","target":"api.cloudflare.com:443","status":"pass","details":"API is reachable","time":"2026-06-24T05:07:22Z","message":"precheck"}
{"level":"info","run_id":"7100ca79-521d-4883-b0af-15fa0f0d95c7","hard_fail":false,"suggested_protocol":"quic","time":"2026-06-24T05:07:22Z","message":"precheck complete"}
{"level":"info","event":0,"connection":"1afd3e74-8565-4415-abfc-37b19c94b2a5","connIndex":0,"location":"sin12","ip":"198.41.200.13","protocol":"quic","time":"2026-06-24T05:07:22Z","message":"Registered tunnel connection"}
{"level":"info","time":"2026-06-24T05:13:06Z","message":"Thank you for trying Cloudflare Tunnel. Doing so, without a Cloudflare account, is a quick way to experiment and try it out. However, be aware that these account-less Tunnels have no uptime guarantee, are subject to the Cloudflare Online Services Terms of Use (https://www.cloudflare.com/website-terms/), and Cloudflare reserves the right to investigate your use of Tunnels for violations of such terms. If you intend to use Tunnels in production you should use a pre-created named tunnel by following: https://developers.cloudflare.com/cloudflare-one/connections/connect-apps"}
{"level":"info","time":"2026-06-24T05:13:06Z","message":"Requesting new quick Tunnel on trycloudflare.com..."}
{"level":"info","time":"2026-06-24T05:13:12Z","message":"+--------------------------------------------------------------------------------------------+"}
{"level":"info","time":"2026-06-24T05:13:12Z","message":"|  Your quick Tunnel has been created! Visit it at (it may take some time to be reachable):  |"}
{"level":"info","time":"2026-06-24T05:13:12Z","message":"|  https://extends-sequences-tba-resources.trycloudflare.com                                 |"}
{"level":"info","time":"2026-06-24T05:13:12Z","message":"+--------------------------------------------------------------------------------------------+"}
{"level":"info","time":"2026-06-24T05:13:12Z","message":"Cannot determine default configuration path. No file [config.yml config.yaml] in [~/.cloudflared ~/.cloudflare-warp ~/cloudflare-warp]"}
{"level":"info","time":"2026-06-24T05:13:12Z","message":"Version 2026.5.2 (Checksum 20b9638f685333d623798e733effbad2487093f15ba592f6c7752360ff3b7ab7)"}
{"level":"info","time":"2026-06-24T05:13:12Z","message":"GOOS: windows, GOVersion: go1.26.3, GoArch: amd64"}
{"level":"info","time":"2026-06-24T05:13:12Z","message":"Settings: map[ha-connections:1 logfile:C:\\Users\\alsth\\Downloads\\family_cctv_project\\cloudflared-quick.log protocol:quic url:http://127.0.0.1:8000]"}
{"level":"info","time":"2026-06-24T05:13:12Z","message":"cloudflared will not automatically update on Windows systems."}
{"level":"info","time":"2026-06-24T05:13:12Z","message":"Generated Connector ID: c8d2a008-aabb-406c-8cc4-05108efdb8c2"}
{"level":"info","time":"2026-06-24T05:13:12Z","message":"Initial protocol quic"}
{"level":"info","time":"2026-06-24T05:13:12Z","message":"ICMP proxy will use 192.168.1.4 as source for IPv4"}
{"level":"info","time":"2026-06-24T05:13:12Z","message":"ICMP proxy will use ::1 in zone Loopback Pseudo-Interface 1 as source for IPv6"}
{"level":"info","time":"2026-06-24T05:13:12Z","message":"cloudflared does not support loading the system root certificate pool on Windows. Please use --origin-ca-pool <PATH> to specify the path to the certificate pool"}
{"level":"info","time":"2026-06-24T05:13:12Z","message":"ICMP proxy will use 192.168.1.4 as source for IPv4"}
{"level":"info","event":0,"ip":"198.41.192.27","connIndex":0,"time":"2026-06-24T05:13:12Z","message":"Tunnel connection curve preferences: [X25519MLKEM768 CurveID(65074) CurveP256]"}
{"level":"info","time":"2026-06-24T05:13:12Z","message":"ICMP proxy will use ::1 in zone Loopback Pseudo-Interface 1 as source for IPv6"}
{"level":"info","time":"2026-06-24T05:13:12Z","message":"Starting metrics server on 127.0.0.1:20242/metrics"}
{"level":"info","time":"2026-06-24T05:13:12Z","message":"+-------------------------------------------------------------------------------------+"}
{"level":"info","time":"2026-06-24T05:13:12Z","message":"|                               CONNECTIVITY PRE-CHECKS                               |"}
{"level":"info","time":"2026-06-24T05:13:12Z","message":"+-------------------------------------------------------------------------------------+"}
{"level":"info","time":"2026-06-24T05:13:12Z","message":"|  COMPONENT         TARGET                     STATUS  DETAILS                       |"}
{"level":"info","time":"2026-06-24T05:13:12Z","message":"|  DNS Resolution    region1.v2.argotunnel.com  PASS    DNS Resolved successfully     |"}
{"level":"info","time":"2026-06-24T05:13:12Z","message":"|  DNS Resolution    region2.v2.argotunnel.com  PASS    DNS Resolved successfully     |"}
{"level":"info","time":"2026-06-24T05:13:12Z","message":"|  UDP Connectivity  region1.v2.argotunnel.com  PASS    QUIC connection successful    |"}
{"level":"info","time":"2026-06-24T05:13:12Z","message":"|  UDP Connectivity  region2.v2.argotunnel.com  PASS    QUIC connection successful    |"}
{"level":"info","time":"2026-06-24T05:13:12Z","message":"|  TCP Connectivity  region1.v2.argotunnel.com  PASS    HTTP/2 connection successful  |"}
{"level":"info","time":"2026-06-24T05:13:12Z","message":"|  TCP Connectivity  region2.v2.argotunnel.com  PASS    HTTP/2 connection successful  |"}
{"level":"info","time":"2026-06-24T05:13:12Z","message":"|  Cloudflare API    api.cloudflare.com:443     PASS    API is reachable              |"}
{"level":"info","time":"2026-06-24T05:13:12Z","message":"|                                                                                     |"}
{"level":"info","time":"2026-06-24T05:13:12Z","message":"|  SUMMARY: Environment is healthy. cloudflared will use 'quic' as primary protocol.  |"}
{"level":"info","time":"2026-06-24T05:13:12Z","message":"+-------------------------------------------------------------------------------------+"}
{"level":"info","run_id":"7971d553-2cbb-4aa0-939b-5dbac6e9a43d","component":"DNS Resolution","target":"region1.v2.argotunnel.com","status":"pass","details":"DNS Resolved successfully","time":"2026-06-24T05:13:12Z","message":"precheck"}
{"level":"info","run_id":"7971d553-2cbb-4aa0-939b-5dbac6e9a43d","component":"DNS Resolution","target":"region2.v2.argotunnel.com","status":"pass","details":"DNS Resolved successfully","time":"2026-06-24T05:13:12Z","message":"precheck"}
{"level":"info","run_id":"7971d553-2cbb-4aa0-939b-5dbac6e9a43d","component":"UDP Connectivity","target":"region1.v2.argotunnel.com","status":"pass","details":"QUIC connection successful","time":"2026-06-24T05:13:12Z","message":"precheck"}
{"level":"info","run_id":"7971d553-2cbb-4aa0-939b-5dbac6e9a43d","component":"UDP Connectivity","target":"region2.v2.argotunnel.com","status":"pass","details":"QUIC connection successful","time":"2026-06-24T05:13:12Z","message":"precheck"}
{"level":"info","run_id":"7971d553-2cbb-4aa0-939b-5dbac6e9a43d","component":"TCP Connectivity","target":"region1.v2.argotunnel.com","status":"pass","details":"HTTP/2 connection successful","time":"2026-06-24T05:13:12Z","message":"precheck"}
{"level":"info","run_id":"7971d553-2cbb-4aa0-939b-5dbac6e9a43d","component":"TCP Connectivity","target":"region2.v2.argotunnel.com","status":"pass","details":"HTTP/2 connection successful","time":"2026-06-24T05:13:12Z","message":"precheck"}
{"level":"info","run_id":"7971d553-2cbb-4aa0-939b-5dbac6e9a43d","component":"Cloudflare API","target":"api.cloudflare.com:443","status":"pass","details":"API is reachable","time":"2026-06-24T05:13:12Z","message":"precheck"}
{"level":"info","run_id":"7971d553-2cbb-4aa0-939b-5dbac6e9a43d","hard_fail":false,"suggested_protocol":"quic","time":"2026-06-24T05:13:12Z","message":"precheck complete"}
{"level":"info","event":0,"connection":"28b6a9e1-461d-45e1-9bbc-e3aa5e36039e","connIndex":0,"location":"ktm03","ip":"198.41.192.27","protocol":"quic","time":"2026-06-24T05:13:12Z","message":"Registered tunnel connection"}
{"level":"info","time":"2026-06-24T05:21:15Z","message":"Initiating graceful shutdown due to signal terminated ..."}
{"level":"error","event":0,"ip":"198.41.192.27","connIndex":0,"error":"context canceled","time":"2026-06-24T05:21:15Z","message":"failed to run the datagram handler"}
{"level":"error","event":0,"ip":"198.41.192.27","connIndex":0,"error":"accept stream listener encountered a failure while serving","time":"2026-06-24T05:21:15Z","message":"failed to serve tunnel connection"}
{"level":"error","event":0,"ip":"198.41.192.27","connIndex":0,"error":"accept stream listener encountered a failure while serving","time":"2026-06-24T05:21:15Z","message":"Serve tunnel error"}
{"level":"info","event":0,"ip":"198.41.192.27","connIndex":0,"time":"2026-06-24T05:21:15Z","message":"Retrying connection in up to 1s"}
{"level":"error","connIndex":0,"time":"2026-06-24T05:21:15Z","message":"Connection terminated"}
{"level":"error","time":"2026-06-24T05:21:15Z","message":"no more connections active and exiting"}
{"level":"info","time":"2026-06-24T05:21:15Z","message":"Tunnel server stopped"}
{"level":"info","time":"2026-06-24T05:21:15Z","message":"Metrics server stopped"}
{"level":"info","time":"2026-06-24T08:22:34Z","message":"Thank you for trying Cloudflare Tunnel. Doing so, without a Cloudflare account, is a quick way to experiment and try it out. However, be aware that these account-less Tunnels have no uptime guarantee, are subject to the Cloudflare Online Services Terms of Use (https://www.cloudflare.com/website-terms/), and Cloudflare reserves the right to investigate your use of Tunnels for violations of such terms. If you intend to use Tunnels in production you should use a pre-created named tunnel by following: https://developers.cloudflare.com/cloudflare-one/connections/connect-apps"}
{"level":"info","time":"2026-06-24T08:22:34Z","message":"Requesting new quick Tunnel on trycloudflare.com..."}
{"level":"info","time":"2026-06-24T08:22:40Z","message":"+--------------------------------------------------------------------------------------------+"}
{"level":"info","time":"2026-06-24T08:22:40Z","message":"|  Your quick Tunnel has been created! Visit it at (it may take some time to be reachable):  |"}
{"level":"info","time":"2026-06-24T08:22:40Z","message":"|  https://disturbed-notre-rings-vice.trycloudflare.com                                      |"}
{"level":"info","time":"2026-06-24T08:22:40Z","message":"+--------------------------------------------------------------------------------------------+"}
{"level":"info","time":"2026-06-24T08:22:40Z","message":"Cannot determine default configuration path. No file [config.yml config.yaml] in [~/.cloudflared ~/.cloudflare-warp ~/cloudflare-warp]"}
{"level":"info","time":"2026-06-24T08:22:40Z","message":"Version 2026.5.2 (Checksum 20b9638f685333d623798e733effbad2487093f15ba592f6c7752360ff3b7ab7)"}
{"level":"info","time":"2026-06-24T08:22:40Z","message":"GOOS: windows, GOVersion: go1.26.3, GoArch: amd64"}
{"level":"info","time":"2026-06-24T08:22:40Z","message":"Settings: map[ha-connections:1 logfile:C:\\Users\\alsth\\Downloads\\family_cctv_project\\cloudflared-quick.log protocol:quic url:http://127.0.0.1:8000]"}
{"level":"info","time":"2026-06-24T08:22:40Z","message":"cloudflared will not automatically update on Windows systems."}
{"level":"info","time":"2026-06-24T08:22:40Z","message":"Generated Connector ID: 858d9033-c7a1-4a66-92f8-401805559f70"}
{"level":"info","time":"2026-06-24T08:22:40Z","message":"Initial protocol quic"}
{"level":"info","time":"2026-06-24T08:22:40Z","message":"ICMP proxy will use 192.168.1.4 as source for IPv4"}
{"level":"info","time":"2026-06-24T08:22:40Z","message":"ICMP proxy will use ::1 in zone Loopback Pseudo-Interface 1 as source for IPv6"}
{"level":"info","time":"2026-06-24T08:22:43Z","message":"cloudflared does not support loading the system root certificate pool on Windows. Please use --origin-ca-pool <PATH> to specify the path to the certificate pool"}
{"level":"info","time":"2026-06-24T08:22:43Z","message":"ICMP proxy will use 192.168.1.4 as source for IPv4"}
{"level":"info","event":0,"ip":"198.41.200.193","connIndex":0,"time":"2026-06-24T08:22:43Z","message":"Tunnel connection curve preferences: [X25519MLKEM768 CurveID(65074) CurveP256]"}
{"level":"info","time":"2026-06-24T08:22:43Z","message":"ICMP proxy will use ::1 in zone Loopback Pseudo-Interface 1 as source for IPv6"}
{"level":"info","time":"2026-06-24T08:22:43Z","message":"Starting metrics server on 127.0.0.1:20242/metrics"}
{"level":"info","time":"2026-06-24T08:22:43Z","message":"+-------------------------------------------------------------------------------------+"}
{"level":"info","time":"2026-06-24T08:22:43Z","message":"|                               CONNECTIVITY PRE-CHECKS                               |"}
{"level":"info","time":"2026-06-24T08:22:43Z","message":"+-------------------------------------------------------------------------------------+"}
{"level":"info","time":"2026-06-24T08:22:43Z","message":"|  COMPONENT         TARGET                     STATUS  DETAILS                       |"}
{"level":"info","time":"2026-06-24T08:22:43Z","message":"|  DNS Resolution    region1.v2.argotunnel.com  PASS    DNS Resolved successfully     |"}
{"level":"info","time":"2026-06-24T08:22:43Z","message":"|  DNS Resolution    region2.v2.argotunnel.com  PASS    DNS Resolved successfully     |"}
{"level":"info","time":"2026-06-24T08:22:43Z","message":"|  UDP Connectivity  region1.v2.argotunnel.com  PASS    QUIC connection successful    |"}
{"level":"info","time":"2026-06-24T08:22:43Z","message":"|  UDP Connectivity  region2.v2.argotunnel.com  PASS    QUIC connection successful    |"}
{"level":"info","time":"2026-06-24T08:22:43Z","message":"|  TCP Connectivity  region1.v2.argotunnel.com  PASS    HTTP/2 connection successful  |"}
{"level":"info","time":"2026-06-24T08:22:43Z","message":"|  TCP Connectivity  region2.v2.argotunnel.com  PASS    HTTP/2 connection successful  |"}
{"level":"info","time":"2026-06-24T08:22:43Z","message":"|  Cloudflare API    api.cloudflare.com:443     PASS    API is reachable              |"}
{"level":"info","time":"2026-06-24T08:22:43Z","message":"|                                                                                     |"}
{"level":"info","time":"2026-06-24T08:22:43Z","message":"|  SUMMARY: Environment is healthy. cloudflared will use 'quic' as primary protocol.  |"}
{"level":"info","time":"2026-06-24T08:22:43Z","message":"+-------------------------------------------------------------------------------------+"}
{"level":"info","run_id":"fa580667-08ac-478f-b5d0-cf3aae2c00b5","component":"DNS Resolution","target":"region1.v2.argotunnel.com","status":"pass","details":"DNS Resolved successfully","time":"2026-06-24T08:22:43Z","message":"precheck"}
{"level":"info","run_id":"fa580667-08ac-478f-b5d0-cf3aae2c00b5","component":"DNS Resolution","target":"region2.v2.argotunnel.com","status":"pass","details":"DNS Resolved successfully","time":"2026-06-24T08:22:43Z","message":"precheck"}
{"level":"info","run_id":"fa580667-08ac-478f-b5d0-cf3aae2c00b5","component":"UDP Connectivity","target":"region1.v2.argotunnel.com","status":"pass","details":"QUIC connection successful","time":"2026-06-24T08:22:43Z","message":"precheck"}
{"level":"info","run_id":"fa580667-08ac-478f-b5d0-cf3aae2c00b5","component":"UDP Connectivity","target":"region2.v2.argotunnel.com","status":"pass","details":"QUIC connection successful","time":"2026-06-24T08:22:43Z","message":"precheck"}
{"level":"info","run_id":"fa580667-08ac-478f-b5d0-cf3aae2c00b5","component":"TCP Connectivity","target":"region1.v2.argotunnel.com","status":"pass","details":"HTTP/2 connection successful","time":"2026-06-24T08:22:43Z","message":"precheck"}
{"level":"info","run_id":"fa580667-08ac-478f-b5d0-cf3aae2c00b5","component":"TCP Connectivity","target":"region2.v2.argotunnel.com","status":"pass","details":"HTTP/2 connection successful","time":"2026-06-24T08:22:43Z","message":"precheck"}
{"level":"info","run_id":"fa580667-08ac-478f-b5d0-cf3aae2c00b5","component":"Cloudflare API","target":"api.cloudflare.com:443","status":"pass","details":"API is reachable","time":"2026-06-24T08:22:43Z","message":"precheck"}
{"level":"info","run_id":"fa580667-08ac-478f-b5d0-cf3aae2c00b5","hard_fail":false,"suggested_protocol":"quic","time":"2026-06-24T08:22:43Z","message":"precheck complete"}
{"level":"info","event":0,"connection":"bb4c9080-f266-4a44-a6e7-f50edef77db2","connIndex":0,"location":"sin11","ip":"198.41.200.193","protocol":"quic","time":"2026-06-24T08:22:43Z","message":"Registered tunnel connection"}
